[2020-12-02T23:29:07.023] [DEBUG] cheese - login => username:zhaoxu,password:123
[2020-12-02T23:29:07.031] [DEBUG] cheese - zhaoxu
[2020-12-02T23:29:07.062] [DEBUG] cheese - null
[2020-12-02T23:29:07.062] [DEBUG] cheese - null
[2020-12-02T23:29:24.750] [DEBUG] cheese - login => username:admin,password:123
[2020-12-02T23:29:24.750] [DEBUG] cheese - admin
[2020-12-02T23:29:24.757] [DEBUG] cheese - null
[2020-12-02T23:29:24.757] [DEBUG] cheese - null
[2020-12-02T23:29:29.660] [DEBUG] cheese - login => username:admin,password:123456
[2020-12-02T23:29:29.660] [DEBUG] cheese - admin
[2020-12-02T23:29:29.664] [DEBUG] cheese - null
[2020-12-02T23:29:29.665] [DEBUG] cheese - null
[2020-12-03T16:18:00.773] [DEBUG] cheese - login => username:'zx',password:'123'
[2020-12-05T17:16:47.609] [DEBUG] cheese - login => username:zx,password:asd
[2020-12-05T17:16:47.612] [DEBUG] cheese - zx
[2020-12-05T17:16:47.695] [DEBUG] cheese - null
[2020-12-05T17:16:47.696] [DEBUG] cheese - null
[2020-12-05T17:19:04.350] [DEBUG] cheese - login => username:123,password:123
[2020-12-05T17:19:04.351] [DEBUG] cheese - 123
[2020-12-05T17:19:04.363] [DEBUG] cheese - null
[2020-12-05T17:19:04.363] [DEBUG] cheese - null
[2020-12-05T17:19:14.510] [DEBUG] cheese - login => username:123,password:123222
[2020-12-05T17:19:14.511] [DEBUG] cheese - 123
[2020-12-05T17:19:14.523] [DEBUG] cheese - null
[2020-12-05T17:19:14.523] [DEBUG] cheese - null
[2020-12-05T17:19:21.917] [DEBUG] cheese - login => username:admin,password:123123
[2020-12-05T17:19:21.917] [DEBUG] cheese - admin
[2020-12-05T17:19:21.922] [DEBUG] cheese - null
[2020-12-05T17:19:21.922] [DEBUG] cheese - null
[2020-12-05T17:19:27.659] [DEBUG] cheese - login => username:admin,password:123
[2020-12-05T17:19:27.659] [DEBUG] cheese - admin
[2020-12-05T17:19:27.661] [DEBUG] cheese - null
[2020-12-05T17:19:27.661] [DEBUG] cheese - null
[2020-12-05T17:19:32.990] [DEBUG] cheese - login => username:admin,password:123456
[2020-12-05T17:19:32.991] [DEBUG] cheese - admin
[2020-12-05T17:19:32.993] [DEBUG] cheese - null
[2020-12-05T17:19:32.993] [DEBUG] cheese - null
[2020-12-05T17:22:41.422] [DEBUG] cheese - login => username:admin,password:123456789
[2020-12-05T17:22:41.422] [DEBUG] cheese - admin
[2020-12-05T17:22:41.425] [DEBUG] cheese - null
[2020-12-05T17:22:41.425] [DEBUG] cheese - null
[2020-12-05T17:22:47.830] [DEBUG] cheese - login => username:admin,password:12345678
[2020-12-05T17:22:47.830] [DEBUG] cheese - admin
[2020-12-05T17:22:47.832] [DEBUG] cheese - null
[2020-12-05T17:22:47.832] [DEBUG] cheese - null
[2020-12-05T17:22:58.173] [DEBUG] cheese - login => username:admin,password:12345678
[2020-12-05T17:22:58.173] [DEBUG] cheese - admin
[2020-12-05T17:22:58.175] [DEBUG] cheese - null
[2020-12-05T17:22:58.175] [DEBUG] cheese - null
[2020-12-05T17:23:23.038] [DEBUG] cheese - login => username:admin,password:123123
[2020-12-05T17:23:23.038] [DEBUG] cheese - admin
[2020-12-05T17:23:23.040] [DEBUG] cheese - null
[2020-12-05T17:23:23.041] [DEBUG] cheese - null
[2020-12-05T17:23:30.373] [DEBUG] cheese - login => username:admin,password:123456
[2020-12-05T17:23:30.374] [DEBUG] cheese - admin
[2020-12-05T17:23:30.376] [DEBUG] cheese - null
[2020-12-05T17:23:30.376] [DEBUG] cheese - null
[2020-12-05T17:28:44.688] [DEBUG] cheese - login => username:123,password:123
[2020-12-05T17:28:44.689] [DEBUG] cheese - 123
[2020-12-05T17:28:44.712] [DEBUG] cheese - null
[2020-12-05T17:28:44.713] [DEBUG] cheese - null
[2020-12-05T17:28:51.948] [DEBUG] cheese - login => username:admin,password:123456
[2020-12-05T17:28:51.949] [DEBUG] cheese - admin
[2020-12-05T17:28:51.952] [DEBUG] cheese - null
[2020-12-05T17:28:51.952] [DEBUG] cheese - null
[2020-12-05T17:37:32.455] [DEBUG] cheese - login => username:linken,password:123
[2020-12-05T17:37:32.457] [DEBUG] cheese - linken
[2020-12-05T17:37:32.478] [DEBUG] cheese - null
[2020-12-05T17:37:32.479] [DEBUG] cheese - null
[2020-12-05T17:38:01.439] [DEBUG] cheese - login => username:zhaoxu,password:123
[2020-12-05T17:38:01.440] [DEBUG] cheese - zhaoxu
[2020-12-05T17:38:01.450] [DEBUG] cheese - null
[2020-12-05T17:38:01.450] [DEBUG] cheese - null
[2020-12-05T17:38:22.947] [DEBUG] cheese - login => username:zhaoxu,password:123123
[2020-12-05T17:38:22.947] [DEBUG] cheese - zhaoxu
[2020-12-05T17:38:22.950] [DEBUG] cheese - null
[2020-12-05T17:38:22.951] [DEBUG] cheese - null
[2020-12-05T17:38:24.757] [DEBUG] cheese - login => username:zhaoxu,password:123123
[2020-12-05T17:38:24.757] [DEBUG] cheese - zhaoxu
[2020-12-05T17:38:24.759] [DEBUG] cheese - null
[2020-12-05T17:38:24.759] [DEBUG] cheese - null
[2020-12-05T17:38:31.397] [DEBUG] cheese - login => username:zhaoxu,password:123456
[2020-12-05T17:38:31.397] [DEBUG] cheese - zhaoxu
[2020-12-05T17:38:31.399] [DEBUG] cheese - null
[2020-12-05T17:38:31.400] [DEBUG] cheese - null
[2020-12-05T17:39:27.209] [DEBUG] cheese - login => username:admin,password:123456789
[2020-12-05T17:39:27.209] [DEBUG] cheese - admin
[2020-12-05T17:39:27.212] [DEBUG] cheese - null
[2020-12-05T17:39:27.212] [DEBUG] cheese - null
[2020-12-05T17:39:32.453] [DEBUG] cheese - login => username:admin,password:123456
[2020-12-05T17:39:32.453] [DEBUG] cheese - admin
[2020-12-05T17:39:32.456] [DEBUG] cheese - null
[2020-12-05T17:39:32.456] [DEBUG] cheese - null
[2020-12-05T17:47:35.977] [DEBUG] cheese - login => username:admin,password:123456
[2020-12-05T17:47:35.977] [DEBUG] cheese - admin
[2020-12-05T17:47:35.980] [DEBUG] cheese - null
[2020-12-05T17:47:35.980] [DEBUG] cheese - null
[2020-12-05T17:51:51.556] [DEBUG] cheese - login => username:123,password:123
[2020-12-05T17:51:51.556] [DEBUG] cheese - 123
[2020-12-05T17:51:51.563] [DEBUG] cheese - null
[2020-12-05T17:51:51.563] [DEBUG] cheese - null
[2020-12-05T17:53:05.926] [DEBUG] cheese - login => username:admin,password:123456
[2020-12-05T17:53:05.926] [DEBUG] cheese - admin
[2020-12-05T17:53:05.930] [DEBUG] cheese - null
[2020-12-05T17:53:05.930] [DEBUG] cheese - null
[2020-12-05T17:53:15.554] [DEBUG] cheese - login => username:admin,password:12345
[2020-12-05T17:53:15.554] [DEBUG] cheese - admin
[2020-12-05T17:53:15.557] [DEBUG] cheese - null
[2020-12-05T17:53:15.557] [DEBUG] cheese - null
[2020-12-05T17:55:05.710] [DEBUG] cheese - login => username:admin,password:123456
[2020-12-05T17:55:05.710] [DEBUG] cheese - admin
[2020-12-05T17:55:05.713] [DEBUG] cheese - null
[2020-12-05T17:55:05.713] [DEBUG] cheese - null
[2020-12-05T17:56:10.080] [DEBUG] cheese - login => username:123,password:123
[2020-12-05T17:56:10.080] [DEBUG] cheese - 123
[2020-12-05T17:56:10.083] [DEBUG] cheese - null
[2020-12-05T17:56:10.083] [DEBUG] cheese - null
[2020-12-05T17:57:39.482] [DEBUG] cheese - login => username:123,password:123
[2020-12-05T17:57:39.482] [DEBUG] cheese - 123
[2020-12-05T17:57:39.484] [DEBUG] cheese - null
[2020-12-05T17:57:39.484] [DEBUG] cheese - null
[2020-12-05T17:58:11.201] [DEBUG] cheese - login => username:admin,password:123456
[2020-12-05T17:58:11.201] [DEBUG] cheese - admin
[2020-12-05T17:58:11.204] [DEBUG] cheese - null
[2020-12-05T17:58:11.204] [DEBUG] cheese - null
[2020-12-05T17:59:26.597] [DEBUG] cheese - login => username:123,password:123
[2020-12-05T17:59:26.597] [DEBUG] cheese - 123
[2020-12-05T17:59:26.600] [DEBUG] cheese - null
[2020-12-05T17:59:26.600] [DEBUG] cheese - null
[2020-12-05T18:00:05.435] [DEBUG] cheese - login => username:123,password:123
[2020-12-05T18:00:05.435] [DEBUG] cheese - 123
[2020-12-05T18:00:05.437] [DEBUG] cheese - null
[2020-12-05T18:00:05.437] [DEBUG] cheese - null
[2020-12-05T18:00:16.460] [DEBUG] cheese - login => username:123,password:123
[2020-12-05T18:00:16.460] [DEBUG] cheese - 123
[2020-12-05T18:00:16.462] [DEBUG] cheese - null
[2020-12-05T18:00:16.463] [DEBUG] cheese - null
[2020-12-05T18:00:57.835] [DEBUG] cheese - login => username:admin,password:123456
[2020-12-05T18:00:57.835] [DEBUG] cheese - admin
[2020-12-05T18:00:57.844] [DEBUG] cheese - null
[2020-12-05T18:00:57.845] [DEBUG] cheese - null
[2020-12-05T18:01:20.884] [DEBUG] cheese - login => username:123,password:123456
[2020-12-05T18:01:20.884] [DEBUG] cheese - 123
[2020-12-05T18:01:20.886] [DEBUG] cheese - null
[2020-12-05T18:01:20.886] [DEBUG] cheese - null
[2020-12-05T18:01:29.677] [DEBUG] cheese - login => username:123,password:123
[2020-12-05T18:01:29.677] [DEBUG] cheese - 123
[2020-12-05T18:01:29.679] [DEBUG] cheese - null
[2020-12-05T18:01:29.679] [DEBUG] cheese - null
[2020-12-05T18:01:38.087] [DEBUG] cheese - login => username:admin,password:123
[2020-12-05T18:01:38.087] [DEBUG] cheese - admin
[2020-12-05T18:01:38.091] [DEBUG] cheese - null
[2020-12-05T18:01:38.091] [DEBUG] cheese - null
[2020-12-05T18:02:04.158] [DEBUG] cheese - login => username:admin,password:123
[2020-12-05T18:02:04.158] [DEBUG] cheese - admin
[2020-12-05T18:02:04.161] [DEBUG] cheese - null
[2020-12-05T18:02:04.161] [DEBUG] cheese - null
[2020-12-05T18:02:08.954] [DEBUG] cheese - login => username:admin,password:123456
[2020-12-05T18:02:08.954] [DEBUG] cheese - admin
[2020-12-05T18:02:08.957] [DEBUG] cheese - null
[2020-12-05T18:02:08.957] [DEBUG] cheese - null
[2020-12-05T18:02:42.596] [DEBUG] cheese - login => username:123,password:123
[2020-12-05T18:02:42.596] [DEBUG] cheese - 123
[2020-12-05T18:02:42.599] [DEBUG] cheese - null
[2020-12-05T18:02:42.599] [DEBUG] cheese - null
[2020-12-05T18:02:47.046] [DEBUG] cheese - login => username:admin,password:123456
[2020-12-05T18:02:47.046] [DEBUG] cheese - admin
[2020-12-05T18:02:47.049] [DEBUG] cheese - null
[2020-12-05T18:02:47.049] [DEBUG] cheese - null
[2020-12-05T18:07:50.256] [DEBUG] cheese - login => username:123,password:123
[2020-12-05T18:07:50.257] [DEBUG] cheese - 123
[2020-12-05T18:07:50.279] [DEBUG] cheese - null
[2020-12-05T18:07:50.279] [DEBUG] cheese - null
[2020-12-05T18:25:09.608] [DEBUG] cheese - login => username:admin,password:123456
[2020-12-05T18:25:09.609] [DEBUG] cheese - admin
[2020-12-05T18:25:09.646] [DEBUG] cheese - null
[2020-12-05T18:25:09.646] [DEBUG] cheese - null
[2020-12-05T18:25:43.651] [DEBUG] cheese - login => username:admin,password:123456
[2020-12-05T18:25:43.651] [DEBUG] cheese - admin
[2020-12-05T18:25:43.663] [DEBUG] cheese - null
[2020-12-05T18:25:43.663] [DEBUG] cheese - null
[2020-12-05T18:26:39.586] [DEBUG] cheese - login => username:admin,password:123456
[2020-12-05T18:26:39.586] [DEBUG] cheese - admin
[2020-12-05T18:26:39.589] [DEBUG] cheese - null
[2020-12-05T18:26:39.589] [DEBUG] cheese - null
[2020-12-05T18:27:09.703] [DEBUG] cheese - login => username:admin,password:123456
[2020-12-05T18:27:09.703] [DEBUG] cheese - admin
[2020-12-05T18:27:09.715] [DEBUG] cheese - null
[2020-12-05T18:27:09.715] [DEBUG] cheese - null
[2020-12-05T18:27:37.071] [DEBUG] cheese - login => username:admin,password:123456
[2020-12-05T18:27:37.072] [DEBUG] cheese - admin
[2020-12-05T18:27:37.074] [DEBUG] cheese - null
[2020-12-05T18:27:37.074] [DEBUG] cheese - null
[2020-12-05T18:45:13.515] [DEBUG] cheese - login => username:admin,password:123456
[2020-12-05T18:45:13.518] [DEBUG] cheese - admin
[2020-12-05T18:45:13.597] [DEBUG] cheese - null
[2020-12-05T18:45:13.597] [DEBUG] cheese - null
[2020-12-05T18:46:55.994] [DEBUG] cheese - login => username:admin,password:123456
[2020-12-05T18:46:55.994] [DEBUG] cheese - admin
[2020-12-05T18:46:56.005] [DEBUG] cheese - null
[2020-12-05T18:46:56.005] [DEBUG] cheese - null
[2020-12-05T18:47:41.222] [DEBUG] cheese - login => username:admin,password:123456
[2020-12-05T18:47:41.222] [DEBUG] cheese - admin
[2020-12-05T18:47:41.226] [DEBUG] cheese - null
[2020-12-05T18:47:41.226] [DEBUG] cheese - null
[2020-12-05T18:49:56.011] [DEBUG] cheese - login => username:admin,password:123456
[2020-12-05T18:49:56.011] [DEBUG] cheese - admin
[2020-12-05T18:49:56.014] [DEBUG] cheese - null
[2020-12-05T18:49:56.014] [DEBUG] cheese - null
[2020-12-05T19:50:56.635] [DEBUG] cheese - login => username:admin,password:123456
[2020-12-05T19:50:56.636] [DEBUG] cheese - admin
[2020-12-05T19:50:56.707] [DEBUG] cheese - null
[2020-12-05T19:50:56.707] [DEBUG] cheese - null
[2020-12-05T19:51:02.167] [DEBUG] cheese - login => username:admin,password:123456
[2020-12-05T19:51:02.167] [DEBUG] cheese - admin
[2020-12-05T19:51:02.170] [DEBUG] cheese - null
[2020-12-05T19:51:02.170] [DEBUG] cheese - null
[2020-12-05T19:52:01.123] [DEBUG] cheese - login => username:admin,password:123456
[2020-12-05T19:52:01.123] [DEBUG] cheese - admin
[2020-12-05T19:52:01.125] [DEBUG] cheese - null
[2020-12-05T19:52:01.125] [DEBUG] cheese - null
[2020-12-05T19:54:10.919] [DEBUG] cheese - login => username:admin,password:123456
[2020-12-05T19:54:10.920] [DEBUG] cheese - admin
[2020-12-05T19:54:10.933] [DEBUG] cheese - null
[2020-12-05T19:54:10.933] [DEBUG] cheese - null
[2020-12-05T19:56:22.483] [DEBUG] cheese - login => username:admin,password:123456
[2020-12-05T19:56:22.483] [DEBUG] cheese - admin
[2020-12-05T19:56:22.486] [DEBUG] cheese - null
[2020-12-05T19:56:22.486] [DEBUG] cheese - null
[2020-12-05T19:56:41.516] [DEBUG] cheese - login => username:admin,password:123456
[2020-12-05T19:56:41.517] [DEBUG] cheese - admin
[2020-12-05T19:56:41.519] [DEBUG] cheese - null
[2020-12-05T19:56:41.519] [DEBUG] cheese - null
[2020-12-05T19:58:06.470] [DEBUG] cheese - login => username:admin,password:123456
[2020-12-05T19:58:06.470] [DEBUG] cheese - admin
[2020-12-05T19:58:06.473] [DEBUG] cheese - null
[2020-12-05T19:58:06.473] [DEBUG] cheese - null
[2020-12-05T20:02:55.643] [DEBUG] cheese - login => username:admin,password:123567
[2020-12-05T20:02:55.644] [DEBUG] cheese - admin
[2020-12-05T20:02:55.707] [DEBUG] cheese - null
[2020-12-05T20:02:55.707] [DEBUG] cheese - null
[2020-12-05T20:03:02.722] [DEBUG] cheese - login => username:admin,password:123456
[2020-12-05T20:03:02.722] [DEBUG] cheese - admin
[2020-12-05T20:03:02.724] [DEBUG] cheese - null
[2020-12-05T20:03:02.724] [DEBUG] cheese - null
[2020-12-06T16:34:46.928] [DEBUG] cheese - login => username:admin,password:123456
[2020-12-06T16:34:46.930] [DEBUG] cheese - admin
[2020-12-06T16:34:47.024] [DEBUG] cheese - null
[2020-12-06T16:34:47.024] [DEBUG] cheese - null
[2020-12-06T17:29:01.521] [DEBUG] cheese - login => username:admin,password:123456
[2020-12-06T17:29:01.522] [DEBUG] cheese - admin
[2020-12-06T17:29:01.588] [DEBUG] cheese - null
[2020-12-06T17:29:01.588] [DEBUG] cheese - null
[2020-12-06T18:01:19.946] [DEBUG] cheese - login => username:admin,password:123456
[2020-12-06T18:01:19.948] [DEBUG] cheese - admin
[2020-12-06T18:01:19.982] [DEBUG] cheese - null
[2020-12-06T18:01:19.982] [DEBUG] cheese - null
[2020-12-06T18:03:48.721] [DEBUG] cheese - login => username:admin,password:123456
[2020-12-06T18:03:48.721] [DEBUG] cheese - admin
[2020-12-06T18:03:48.734] [DEBUG] cheese - null
[2020-12-06T18:03:48.734] [DEBUG] cheese - null
[2020-12-06T18:04:33.231] [DEBUG] cheese - login => username:admin,password:123456
[2020-12-06T18:04:33.231] [DEBUG] cheese - admin
[2020-12-06T18:04:33.234] [DEBUG] cheese - null
[2020-12-06T18:04:33.234] [DEBUG] cheese - null
[2020-12-06T18:04:43.021] [DEBUG] cheese - login => username:admin,password:123456
[2020-12-06T18:04:43.022] [DEBUG] cheese - admin
[2020-12-06T18:04:43.024] [DEBUG] cheese - null
[2020-12-06T18:04:43.024] [DEBUG] cheese - null
[2020-12-06T19:51:22.494] [DEBUG] cheese - login => username:admin,password:123456
[2020-12-06T19:51:22.495] [DEBUG] cheese - admin
[2020-12-06T19:51:22.554] [DEBUG] cheese - null
[2020-12-06T19:51:22.555] [DEBUG] cheese - null
[2020-12-06T20:22:29.185] [DEBUG] cheese - login => username:admin,password:123456
[2020-12-06T20:22:29.186] [DEBUG] cheese - admin
[2020-12-06T20:22:29.224] [DEBUG] cheese - null
[2020-12-06T20:22:29.224] [DEBUG] cheese - null
[2020-12-06T22:21:27.616] [DEBUG] cheese - login => username:admin,password:123456
[2020-12-06T22:21:27.616] [DEBUG] cheese - admin
[2020-12-06T22:21:27.674] [DEBUG] cheese - null
[2020-12-06T22:21:27.674] [DEBUG] cheese - null
[2020-12-06T22:24:27.889] [DEBUG] cheese - login => username:admin,password:123456
[2020-12-06T22:24:27.889] [DEBUG] cheese - admin
[2020-12-06T22:24:27.898] [DEBUG] cheese - null
[2020-12-06T22:24:27.898] [DEBUG] cheese - null
[2020-12-06T22:26:01.353] [DEBUG] cheese - login => username:admin,password:123456
[2020-12-06T22:26:01.353] [DEBUG] cheese - admin
[2020-12-06T22:26:01.358] [DEBUG] cheese - null
[2020-12-06T22:26:01.358] [DEBUG] cheese - null
[2020-12-07T00:06:50.325] [DEBUG] cheese - login => username:admin,password:123456
[2020-12-07T00:06:50.330] [DEBUG] cheese - admin
[2020-12-07T00:06:50.345] [DEBUG] cheese - null
[2020-12-07T00:06:50.345] [DEBUG] cheese - null
[2020-12-07T01:07:19.149] [DEBUG] cheese - login => username:admin,password:123456
[2020-12-07T01:07:19.150] [DEBUG] cheese - admin
[2020-12-07T01:07:19.212] [DEBUG] cheese - null
[2020-12-07T01:07:19.212] [DEBUG] cheese - null
[2020-12-07T01:12:01.068] [DEBUG] cheese - login => username:admin,password:123456
[2020-12-07T01:12:01.068] [DEBUG] cheese - admin
[2020-12-07T01:12:01.071] [DEBUG] cheese - null
[2020-12-07T01:12:01.071] [DEBUG] cheese - null
[2020-12-07T01:28:12.358] [DEBUG] cheese - login => username:admin,password:123456
[2020-12-07T01:28:12.360] [DEBUG] cheese - admin
[2020-12-07T01:28:12.382] [DEBUG] cheese - null
[2020-12-07T01:28:12.383] [DEBUG] cheese - null
[2020-12-07T12:05:17.163] [DEBUG] cheese - login => username:admin,password:123456
[2020-12-07T12:05:17.166] [DEBUG] cheese - admin
[2020-12-07T12:05:17.180] [DEBUG] cheese - null
[2020-12-07T12:05:17.180] [DEBUG] cheese - null
[2020-12-07T13:10:52.063] [DEBUG] cheese - login => username:admin,password:123456
[2020-12-07T13:10:52.064] [DEBUG] cheese - admin
[2020-12-07T13:10:52.078] [DEBUG] cheese - null
[2020-12-07T13:10:52.078] [DEBUG] cheese - null
[2020-12-07T13:11:05.172] [DEBUG] cheese - login => username:admin,password:123456
[2020-12-07T13:11:05.172] [DEBUG] cheese - admin
[2020-12-07T13:11:05.174] [DEBUG] cheese - null
[2020-12-07T13:11:05.175] [DEBUG] cheese - null
[2020-12-07T13:11:50.176] [DEBUG] cheese - login => username:admin,password:123456
[2020-12-07T13:11:50.176] [DEBUG] cheese - admin
[2020-12-07T13:11:50.178] [DEBUG] cheese - null
[2020-12-07T13:11:50.178] [DEBUG] cheese - null
[2020-12-07T13:12:31.245] [DEBUG] cheese - login => username:admin,password:123456
[2020-12-07T13:12:31.245] [DEBUG] cheese - admin
[2020-12-07T13:12:31.257] [DEBUG] cheese - null
[2020-12-07T13:12:31.257] [DEBUG] cheese - null
[2020-12-07T13:12:44.975] [DEBUG] cheese - login => username:admin,password:123456
[2020-12-07T13:12:44.975] [DEBUG] cheese - admin
[2020-12-07T13:12:44.978] [DEBUG] cheese - null
[2020-12-07T13:12:44.978] [DEBUG] cheese - null
[2020-12-07T13:30:47.669] [DEBUG] cheese - login => username:admin,password:123456
[2020-12-07T13:30:47.670] [DEBUG] cheese - admin
[2020-12-07T13:30:47.674] [DEBUG] cheese - null
[2020-12-07T13:30:47.674] [DEBUG] cheese - null
[2020-12-07T20:13:19.775] [DEBUG] cheese - login => username:admin,password:123456
[2020-12-07T20:13:19.776] [DEBUG] cheese - admin
[2020-12-07T20:13:19.829] [DEBUG] cheese - null
[2020-12-07T20:13:19.830] [DEBUG] cheese - null
[2020-12-08T15:02:17.851] [DEBUG] cheese - login => username:admin,password:123456
[2020-12-08T15:02:17.853] [DEBUG] cheese - admin
[2020-12-08T15:02:17.963] [DEBUG] cheese - null
[2020-12-08T15:02:17.963] [DEBUG] cheese - null
[2020-12-08T16:35:25.888] [DEBUG] cheese - login => username:asdmin,password:123456
[2020-12-08T16:35:25.895] [DEBUG] cheese - asdmin
[2020-12-08T16:35:25.967] [DEBUG] cheese - null
[2020-12-08T16:35:25.968] [DEBUG] cheese - null
[2020-12-08T16:35:32.323] [DEBUG] cheese - login => username:admin,password:123456
[2020-12-08T16:35:32.324] [DEBUG] cheese - admin
[2020-12-08T16:35:32.332] [DEBUG] cheese - null
[2020-12-08T16:35:32.332] [DEBUG] cheese - null
[2020-12-08T17:29:24.963] [DEBUG] cheese - login => username:admin,password:123546
[2020-12-08T17:29:24.964] [DEBUG] cheese - admin
[2020-12-08T17:29:25.006] [DEBUG] cheese - null
[2020-12-08T17:29:25.007] [DEBUG] cheese - null
[2020-12-08T17:31:53.745] [DEBUG] cheese - login => username:admin,password:123546
[2020-12-08T17:31:53.745] [DEBUG] cheese - admin
[2020-12-08T17:31:53.749] [DEBUG] cheese - null
[2020-12-08T17:31:53.749] [DEBUG] cheese - null
[2020-12-08T17:32:01.069] [DEBUG] cheese - login => username:admin,password:123546
[2020-12-08T17:32:01.069] [DEBUG] cheese - admin
[2020-12-08T17:32:01.072] [DEBUG] cheese - null
[2020-12-08T17:32:01.072] [DEBUG] cheese - null
[2020-12-08T17:32:04.224] [DEBUG] cheese - login => username:admin,password:123456
[2020-12-08T17:32:04.224] [DEBUG] cheese - admin
[2020-12-08T17:32:04.226] [DEBUG] cheese - null
[2020-12-08T17:32:04.227] [DEBUG] cheese - null
[2020-12-08T17:34:30.323] [DEBUG] cheese - login => username:admin,password:123456
[2020-12-08T17:34:30.323] [DEBUG] cheese - admin
[2020-12-08T17:34:30.326] [DEBUG] cheese - null
[2020-12-08T17:34:30.327] [DEBUG] cheese - null
[2020-12-09T01:10:45.194] [DEBUG] cheese - login => username:admin,password:123456
[2020-12-09T01:10:45.195] [DEBUG] cheese - admin
[2020-12-09T01:10:45.202] [DEBUG] cheese - null
[2020-12-09T01:10:45.202] [DEBUG] cheese - null
